Exception at PC 0x00007FFAA0F09E08
Exception at PC 0x00007FFAA0F09E08
Unable to capture context for thread 4284 in process 9988, can not generate back trace
Unable to capture context for thread 9396 in process 9988, can not generate back trace
Unable to capture context for thread 4092 in process 9988, can not generate back trace
Exception at PC 0x00007FFAA0F09E08
Unable to capture context for thread 4284 in process 9988, can not generate back trace
Unable to capture context for thread 4092 in process 9988, can not generate back trace
Exception at PC 0x00007FFA490EBB93
Printing stacktrace...

Exception at PC 0x00007FFAA0F09E08
Exception at PC 0x00007FFAA0F09E08
Exception at PC 0x00007FFAA0F09E08
Exception at PC 0x00007FFAA0F09E08
Exception at PC 0x00007FFAA0F09E08
Exception at PC 0x00007FFAA0F09E08
Exception at PC 0x00007FFAA0F09E08
Exception at PC 0x00007FFAA0F09E08
Exception at PC 0x00007FFAA0F09E08
Exception at PC 0x00007FFAA0F09E08
Exception at PC 0x00007FFAA0F09E08
Exception at PC 0x00007FFAA0F09E08
Exception at PC 0x00007FFAA0F09E08
Exception at PC 0x00007FFAA0F09E08
Exception at PC 0x00007FFAA0F09E08
Exception at PC 0x00007FFAA0F09E08
Exception at PC 0x00007FFAA0F09E08
[0]  [0x00007FFA490EBB93]
[1]  [0x00007FFA490EBB93]
[2]  [0x00007FFA490EB4A1]
[3]  [0x00007FFA490EB3EF]
[4]  [0x00007FFA490D19FE]
[5]  [0x00007FFA490D0ED1]
[6]  [0x00007FFA490D0D76]
[7]  [0x00007FFA490779F6]
[8]  [0x00007FFA49067AFB]
[9]  [0x00007FFA4918E90A]
[10]  [0x00007FFA491A9F87]
[11]  [0x00007FFA491AA05F]
[12] (BaseThreadInitThunk+0x14) [0x00007FFAA42C2774]
[13] (RtlUserThreadStart+0x21) [0x00007FFAA47B0D51]
Done
